[ 50%] [32m[1mLinking CXX executable /home/zyh/p3p-ros/devel/.private/pose_estimate_3d3d/lib/pose_estimate_3d3d/pose_estimate_3d3d_node[0m
/usr/bin/ld: CMakeFiles/pose_estimate_3d3d_node.dir/src/pose_estimation_3d3d.cpp.o: in function `cv::operator<<(std::ostream&, cv::Mat const&) [clone .constprop.0]':
pose_estimation_3d3d.cpp:(.text+0x37c0): undefined reference to `cv::Formatter::get(cv::Formatter::FormatType)'
/usr/bin/ld: CMakeFiles/pose_estimate_3d3d_node.dir/src/pose_estimation_3d3d.cpp.o: in function `find_feature_matches(cv::Mat const&, cv::Mat const&, std::vector<cv::KeyPoint, std::allocator<cv::KeyPoint> >&, std::vector<cv::KeyPoint, std::allocator<cv::KeyPoint> >&, std::vector<cv::DMatch, std::allocator<cv::DMatch> >&)':
pose_estimation_3d3d.cpp:(.text+0x3a63): undefined reference to `cv::ORB::create(int, float, int, int, int, int, cv::ORB::ScoreType, int, int)'
/usr/bin/ld: pose_estimation_3d3d.cpp:(.text+0x3ab1): undefined reference to `cv::ORB::create(int, float, int, int, int, int, cv::ORB::ScoreType, int, int)'
/usr/bin/ld: pose_estimation_3d3d.cpp:(.text+0x3af2): undefined reference to `cv::DescriptorMatcher::create(std::__cxx11::basic_string<char, std::char_traits<char>, std::allocator<char> > const&)'
/usr/bin/ld: CMakeFiles/pose_estimate_3d3d_node.dir/src/pose_estimation_3d3d.cpp.o: in function `pose_estimation_3d3d(std::vector<cv::Point3_<float>, std::allocator<cv::Point3_<float> > > const&, std::vector<cv::Point3_<float>, std::allocator<cv::Point3_<float> > > const&, cv::Mat&, cv::Mat&)':
pose_estimation_3d3d.cpp:(.text+0x60c6): undefined reference to `cv::error(int, std::__cxx11::basic_string<char, std::char_traits<char>, std::allocator<char> > const&, char const*, char const*, int)'
/usr/bin/ld: pose_estimation_3d3d.cpp:(.text+0x6110): undefined reference to `cv::error(int, std::__cxx11::basic_string<char, std::char_traits<char>, std::allocator<char> > const&, char const*, char const*, int)'
/usr/bin/ld: CMakeFiles/pose_estimate_3d3d_node.dir/src/pose_estimation_3d3d.cpp.o: in function `bundleAdjustment(std::vector<cv::Point3_<float>, std::allocator<cv::Point3_<float> > > const&, std::vector<cv::Point3_<float>, std::allocator<cv::Point3_<float> > > const&, cv::Mat&, cv::Mat&)':
pose_estimation_3d3d.cpp:(.text+0x86c2): undefined reference to `cv::error(int, std::__cxx11::basic_string<char, std::char_traits<char>, std::allocator<char> > const&, char const*, char const*, int)'
/usr/bin/ld: pose_estimation_3d3d.cpp:(.text+0x8707): undefined reference to `cv::error(int, std::__cxx11::basic_string<char, std::char_traits<char>, std::allocator<char> > const&, char const*, char const*, int)'
/usr/bin/ld: CMakeFiles/pose_estimate_3d3d_node.dir/src/pose_estimation_3d3d.cpp.o: in function `bool ros::NodeHandle::param<std::__cxx11::basic_string<char, std::char_traits<char>, std::allocator<char> > >(std::__cxx11::basic_string<char, std::char_traits<char>, std::allocator<char> > const&, std::__cxx11::basic_string<char, std::char_traits<char>, std::allocator<char> >&, std::__cxx11::basic_string<char, std::char_traits<char>, std::allocator<char> > const&) const':
pose_estimation_3d3d.cpp:(.text._ZNK3ros10NodeHandle5paramINSt7__cxx1112basic_stringIcSt11char_traitsIcESaIcEEEEEbRKS7_RT_RKSA_[_ZNK3ros10NodeHandle5paramINSt7__cxx1112basic_stringIcSt11char_traitsIcESaIcEEEEEbRKS7_RT_RKSA_]+0x1c): undefined reference to `ros::NodeHandle::hasParam(std::__cxx11::basic_string<char, std::char_traits<char>, std::allocator<char> > const&) const'
/usr/bin/ld: pose_estimation_3d3d.cpp:(.text._ZNK3ros10NodeHandle5paramINSt7__cxx1112basic_stringIcSt11char_traitsIcESaIcEEEEEbRKS7_RT_RKSA_[_ZNK3ros10NodeHandle5paramINSt7__cxx1112basic_stringIcSt11char_traitsIcESaIcEEEEEbRKS7_RT_RKSA_]+0x2e): undefined reference to `ros::NodeHandle::getParam(std::__cxx11::basic_string<char, std::char_traits<char>, std::allocator<char> > const&, std::__cxx11::basic_string<char, std::char_traits<char>, std::allocator<char> >&) const'
/usr/bin/ld: CMakeFiles/pose_estimate_3d3d_node.dir/src/pose_estimation_3d3d.cpp.o: in function `main.cold':
pose_estimation_3d3d.cpp:(.text.unlikely+0x3f4): undefined reference to `ros::NodeHandle::~NodeHandle()'
/usr/bin/ld: CMakeFiles/pose_estimate_3d3d_node.dir/src/pose_estimation_3d3d.cpp.o: in function `main':
pose_estimation_3d3d.cpp:(.text.startup+0xa0): undefined reference to `ros::init(int&, char**, std::__cxx11::basic_string<char, std::char_traits<char>, std::allocator<char> > const&, unsigned int)'
/usr/bin/ld: pose_estimation_3d3d.cpp:(.text.startup+0x13f): undefined reference to `ros::NodeHandle::NodeHandle(std::__cxx11::basic_string<char, std::char_traits<char>, std::allocator<char> > const&, std::map<std::__cxx11::basic_string<char, std::char_traits<char>, std::allocator<char> >, std::__cxx11::basic_string<char, std::char_traits<char>, std::allocator<char> >, std::less<std::__cxx11::basic_string<char, std::char_traits<char>, std::allocator<char> > >, std::allocator<std::pair<std::__cxx11::basic_string<char, std::char_traits<char>, std::allocator<char> > const, std::__cxx11::basic_string<char, std::char_traits<char>, std::allocator<char> > > > > const&)'
/usr/bin/ld: pose_estimation_3d3d.cpp:(.text.startup+0x3c3): undefined reference to `ros::console::g_initialized'
/usr/bin/ld: pose_estimation_3d3d.cpp:(.text.startup+0x3f7): undefined reference to `ros::console::g_initialized'
/usr/bin/ld: pose_estimation_3d3d.cpp:(.text.startup+0x42b): undefined reference to `ros::console::g_initialized'
/usr/bin/ld: pose_estimation_3d3d.cpp:(.text.startup+0x45f): undefined reference to `ros::console::g_initialized'
/usr/bin/ld: pose_estimation_3d3d.cpp:(.text.startup+0x493): undefined reference to `ros::console::g_initialized'
/usr/bin/ld: pose_estimation_3d3d.cpp:(.text.startup+0x552): undefined reference to `ros::NodeHandle::~NodeHandle()'
/usr/bin/ld: pose_estimation_3d3d.cpp:(.text.startup+0x59a): undefined reference to `cv::imread(std::__cxx11::basic_string<char, std::char_traits<char>, std::allocator<char> > const&, int)'
/usr/bin/ld: pose_estimation_3d3d.cpp:(.text.startup+0x5bb): undefined reference to `cv::imread(std::__cxx11::basic_string<char, std::char_traits<char>, std::allocator<char> > const&, int)'
/usr/bin/ld: pose_estimation_3d3d.cpp:(.text.startup+0x686): undefined reference to `cv::imread(std::__cxx11::basic_string<char, std::char_traits<char>, std::allocator<char> > const&, int)'
/usr/bin/ld: pose_estimation_3d3d.cpp:(.text.startup+0x6a2): undefined reference to `cv::imread(std::__cxx11::basic_string<char, std::char_traits<char>, std::allocator<char> > const&, int)'
/usr/bin/ld: pose_estimation_3d3d.cpp:(.text.startup+0x1623): undefined reference to `ros::NodeHandle::~NodeHandle()'
/usr/bin/ld: pose_estimation_3d3d.cpp:(.text.startup+0x1a62): undefined reference to `ros::console::print(ros::console::FilterBase*, void*, ros::console::levels::Level, char const*, int, char const*, char const*, ...)'
/usr/bin/ld: pose_estimation_3d3d.cpp:(.text.startup+0x1acc): undefined reference to `ros::console::print(ros::console::FilterBase*, void*, ros::console::levels::Level, char const*, int, char const*, char const*, ...)'
/usr/bin/ld: pose_estimation_3d3d.cpp:(.text.startup+0x1af3): undefined reference to `ros::console::initialize()'
/usr/bin/ld: pose_estimation_3d3d.cpp:(.text.startup+0x1b23): undefined reference to `ros::console::initializeLogLocation(ros::console::LogLocation*, std::__cxx11::basic_string<char, std::char_traits<char>, std::allocator<char> > const&, ros::console::levels::Level)'
/usr/bin/ld: pose_estimation_3d3d.cpp:(.text.startup+0x1b52): undefined reference to `ros::console::setLogLocationLevel(ros::console::LogLocation*, ros::console::levels::Level)'
/usr/bin/ld: pose_estimation_3d3d.cpp:(.text.startup+0x1b5e): undefined reference to `ros::console::checkLogLocationEnabled(ros::console::LogLocation*)'
/usr/bin/ld: pose_estimation_3d3d.cpp:(.text.startup+0x1bc6): undefined reference to `ros::console::print(ros::console::FilterBase*, void*, ros::console::levels::Level, char const*, int, char const*, char const*, ...)'
/usr/bin/ld: pose_estimation_3d3d.cpp:(.text.startup+0x1bec): undefined reference to `ros::console::initialize()'
/usr/bin/ld: pose_estimation_3d3d.cpp:(.text.startup+0x1c1c): undefined reference to `ros::console::initializeLogLocation(ros::console::LogLocation*, std::__cxx11::basic_string<char, std::char_traits<char>, std::allocator<char> > const&, ros::console::levels::Level)'
/usr/bin/ld: pose_estimation_3d3d.cpp:(.text.startup+0x1c4b): undefined reference to `ros::console::setLogLocationLevel(ros::console::LogLocation*, ros::console::levels::Level)'
/usr/bin/ld: pose_estimation_3d3d.cpp:(.text.startup+0x1c57): undefined reference to `ros::console::checkLogLocationEnabled(ros::console::LogLocation*)'
/usr/bin/ld: pose_estimation_3d3d.cpp:(.text.startup+0x1c61): undefined reference to `ros::console::initialize()'
/usr/bin/ld: pose_estimation_3d3d.cpp:(.text.startup+0x1c91): undefined reference to `ros::console::initializeLogLocation(ros::console::LogLocation*, std::__cxx11::basic_string<char, std::char_traits<char>, std::allocator<char> > const&, ros::console::levels::Level)'
/usr/bin/ld: pose_estimation_3d3d.cpp:(.text.startup+0x1cc0): undefined reference to `ros::console::setLogLocationLevel(ros::console::LogLocation*, ros::console::levels::Level)'
/usr/bin/ld: pose_estimation_3d3d.cpp:(.text.startup+0x1ccc): undefined reference to `ros::console::checkLogLocationEnabled(ros::console::LogLocation*)'
/usr/bin/ld: pose_estimation_3d3d.cpp:(.text.startup+0x1d34): undefined reference to `ros::console::print(ros::console::FilterBase*, void*, ros::console::levels::Level, char const*, int, char const*, char const*, ...)'
/usr/bin/ld: pose_estimation_3d3d.cpp:(.text.startup+0x1d59): undefined reference to `ros::console::initialize()'
/usr/bin/ld: pose_estimation_3d3d.cpp:(.text.startup+0x1d89): undefined reference to `ros::console::initializeLogLocation(ros::console::LogLocation*, std::__cxx11::basic_string<char, std::char_traits<char>, std::allocator<char> > const&, ros::console::levels::Level)'
/usr/bin/ld: pose_estimation_3d3d.cpp:(.text.startup+0x1db8): undefined reference to `ros::console::setLogLocationLevel(ros::console::LogLocation*, ros::console::levels::Level)'
/usr/bin/ld: pose_estimation_3d3d.cpp:(.text.startup+0x1dc4): undefined reference to `ros::console::checkLogLocationEnabled(ros::console::LogLocation*)'
/usr/bin/ld: pose_estimation_3d3d.cpp:(.text.startup+0x1e2c): undefined reference to `ros::console::print(ros::console::FilterBase*, void*, ros::console::levels::Level, char const*, int, char const*, char const*, ...)'
/usr/bin/ld: pose_estimation_3d3d.cpp:(.text.startup+0x1e52): undefined reference to `ros::console::initialize()'
/usr/bin/ld: pose_estimation_3d3d.cpp:(.text.startup+0x1e82): undefined reference to `ros::console::initializeLogLocation(ros::console::LogLocation*, std::__cxx11::basic_string<char, std::char_traits<char>, std::allocator<char> > const&, ros::console::levels::Level)'
/usr/bin/ld: pose_estimation_3d3d.cpp:(.text.startup+0x1eb1): undefined reference to `ros::console::setLogLocationLevel(ros::console::LogLocation*, ros::console::levels::Level)'
/usr/bin/ld: pose_estimation_3d3d.cpp:(.text.startup+0x1ebd): undefined reference to `ros::console::checkLogLocationEnabled(ros::console::LogLocation*)'
/usr/bin/ld: pose_estimation_3d3d.cpp:(.text.startup+0x2152): undefined reference to `cv::error(int, std::__cxx11::basic_string<char, std::char_traits<char>, std::allocator<char> > const&, char const*, char const*, int)'
/usr/bin/ld: pose_estimation_3d3d.cpp:(.text.startup+0x2189): undefined reference to `cv::error(int, std::__cxx11::basic_string<char, std::char_traits<char>, std::allocator<char> > const&, char const*, char const*, int)'
collect2: error: ld returned 1 exit status
make[2]: *** [CMakeFiles/pose_estimate_3d3d_node.dir/build.make:103：/home/zyh/p3p-ros/devel/.private/pose_estimate_3d3d/lib/pose_estimate_3d3d/pose_estimate_3d3d_node] 错误 1
make[1]: *** [CMakeFiles/Makefile2:165：CMakeFiles/pose_estimate_3d3d_node.dir/all] 错误 2
make: *** [Makefile:141：all] 错误 2
