[36m--[0m Using CATKIN_DEVEL_PREFIX: /home/zyh/p3p-ros/devel/.private/pose_estimate_3d3d
[36m--[0m Using CMAKE_PREFIX_PATH: /home/zyh/p3p-ros/devel;/home/zyh/DroneRace/devel;/home/zyh/IUAV/dronedoc_ws/devel;/home/zyh/catkin_ws_4e/devel;/opt/ros/noetic
[36m--[0m This workspace overlays: /home/zyh/p3p-ros/devel;/home/zyh/DroneRace/devel;/home/zyh/IUAV/dronedoc_ws/devel;/home/zyh/catkin_ws_4e/devel;/opt/ros/noetic
[36m--[0m Found PythonInterp: /usr/bin/python3 (found suitable version "3.8.10", minimum required is "3")
[36m--[0m Using PYTHON_EXECUTABLE: /usr/bin/python3
[36m--[0m Using Debian Python package layout
[36m--[0m Using empy: /usr/lib/python3/dist-packages/em.py
[36m--[0m Using CATKIN_ENABLE_TESTING: ON
[36m--[0m Call enable_testing()
[36m--[0m Using CATKIN_TEST_RESULTS_DIR: /home/zyh/p3p-ros/build/pose_estimate_3d3d/test_results
[36m--[0m Forcing gtest/gmock from source, though one was otherwise available.
[36m--[0m Found gtest sources under '/usr/src/googletest': gtests will be built
[36m--[0m Found gmock sources under '/usr/src/googletest': gmock will be built
[36m--[0m Found PythonInterp: /usr/bin/python3 (found version "3.8.10")
[36m--[0m Using Python nosetests: /usr/bin/nosetests3
[36m--[0m catkin 0.8.10
[36m--[0m BUILD_SHARED_LIBS is on
[33m[1mCMake Warning[0m at /opt/ros/noetic/share/catkin/cmake/catkin_package.cmake:166 (message):
  catkin_package() DEPENDS on 'system_lib' but neither
  'system_lib_INCLUDE_DIRS' nor 'system_lib_LIBRARIES' is defined.
[36mCall Stack (most recent call first):[0m
  /opt/ros/noetic/share/catkin/cmake/catkin_package.cmake:102 (_catkin_package)
  CMakeLists.txt:119 (catkin_package)


[36m--[0m Configuring done
[31m[1mCMake Error[0m at /home/zyh/p3p-ros/src/pose_estimate_3d3d/CMakeLists.txt:155 (add_executable):
  Cannot find source file:

    src/pose_estimate_3d3d_node.cpp

  Tried extensions .c .C .c++ .cc .cpp .cxx .cu .m .M .mm .h .hh .h++ .hm
  .hpp .hxx .in .txx


[31m[1mCMake Error[0m at /home/zyh/p3p-ros/src/pose_estimate_3d3d/CMakeLists.txt:155 (add_executable):
  No SOURCES given to target: pose_estimate_3d3d_node


CMake Generate step failed.  Build files cannot be regenerated correctly.
make: *** [Makefile:530：cmake_check_build_system] 错误 1
