[35m[1mScanning dependencies of target p3p_3d3d[0m
[ 50%] [32mBuilding CXX object CMakeFiles/p3p_3d3d.dir/src/p3p_3d3d.cpp.o[0m
[01m[K/home/zyh/p3p-ros/src/p3p_pkg/src/p3p_3d3d.cpp:[m[K In member function ‘[01m[Kvirtual bool VertexPose::read(std::istream&)[m[K’:
[01m[K/home/zyh/p3p-ros/src/p3p_pkg/src/p3p_3d3d.cpp:73:44:[m[K [01;35m[Kwarning: [m[Kno return statement in function returning non-void [[01;35m[K-Wreturn-type[m[K]
   73 |   virtual bool read(istream &in) override {[01;35m[K}[m[K
      |                                            [01;35m[K^[m[K
[01m[K/home/zyh/p3p-ros/src/p3p_pkg/src/p3p_3d3d.cpp:[m[K In member function ‘[01m[Kvirtual bool VertexPose::write(std::ostream&) const[m[K’:
[01m[K/home/zyh/p3p-ros/src/p3p_pkg/src/p3p_3d3d.cpp:75:52:[m[K [01;35m[Kwarning: [m[Kno return statement in function returning non-void [[01;35m[K-Wreturn-type[m[K]
   75 |   virtual bool write(ostream &out) const override {[01;35m[K}[m[K
      |                                                    [01;35m[K^[m[K
[01m[K/home/zyh/p3p-ros/src/p3p_pkg/src/p3p_3d3d.cpp:[m[K In member function ‘[01m[Kvirtual bool EdgeProjectXYZRGBDPoseOnly::read(std::istream&)[m[K’:
[01m[K/home/zyh/p3p-ros/src/p3p_pkg/src/p3p_3d3d.cpp:98:27:[m[K [01;35m[Kwarning: [m[Kno return statement in function returning non-void [[01;35m[K-Wreturn-type[m[K]
   98 |   bool read(istream &in) {[01;35m[K}[m[K
      |                           [01;35m[K^[m[K
[01m[K/home/zyh/p3p-ros/src/p3p_pkg/src/p3p_3d3d.cpp:[m[K In member function ‘[01m[Kvirtual bool EdgeProjectXYZRGBDPoseOnly::write(std::ostream&) const[m[K’:
[01m[K/home/zyh/p3p-ros/src/p3p_pkg/src/p3p_3d3d.cpp:100:35:[m[K [01;35m[Kwarning: [m[Kno return statement in function returning non-void [[01;35m[K-Wreturn-type[m[K]
  100 |   bool write(ostream &out) const {[01;35m[K}[m[K
      |                                   [01;35m[K^[m[K
[01m[K/home/zyh/p3p-ros/src/p3p_pkg/src/p3p_3d3d.cpp:[m[K In function ‘[01m[Kint main(int, char**)[m[K’:
[01m[K/home/zyh/p3p-ros/src/p3p_pkg/src/p3p_3d3d.cpp:183:3:[m[K [01;31m[Kerror: [m[K‘[01m[Kt1[m[K’ was not declared in this scope; did you mean ‘[01m[Kt[m[K’?
  183 |   [01;31m[Kt1[m[K = chrono::steady_clock::now();
      |   [01;31m[K^~[m[K
      |   [32m[Kt[m[K
[01m[K/home/zyh/p3p-ros/src/p3p_pkg/src/p3p_3d3d.cpp:184:31:[m[K [01;31m[Kerror: [m[Kinvalid initialization of reference of type ‘[01m[Kconst VecVector3d&[m[K’ {aka ‘[01m[Kconst std::vector<Eigen::Matrix<double, 3, 1>, Eigen::aligned_allocator<Eigen::Matrix<double, 3, 1> > >&[m[K’} from expression of type ‘[01m[Kstd::vector<cv::Point3_<float> >[m[K’
  184 |   bundleAdjustmentGaussNewton([01;31m[Kpts1[m[K, pts2, pose_gn);
      |                               [01;31m[K^~~~[m[K
[01m[K/home/zyh/p3p-ros/src/p3p_pkg/src/p3p_3d3d.cpp:52:22:[m[K [01;36m[Knote: [m[Kin passing argument 1 of ‘[01m[Kvoid bundleAdjustmentGaussNewton(const VecVector3d&, const VecVector3d&, Sophus::SE3d&)[m[K’
   52 |   [01;36m[Kconst VecVector3d &points_3d_1[m[K,
      |   [01;36m[K~~~~~~~~~~~~~~~~~~~^~~~~~~~~~~[m[K
[01m[K/home/zyh/p3p-ros/src/p3p_pkg/src/p3p_3d3d.cpp:185:3:[m[K [01;31m[Kerror: [m[K‘[01m[Kt2[m[K’ was not declared in this scope; did you mean ‘[01m[Kt[m[K’?
  185 |   [01;31m[Kt2[m[K = chrono::steady_clock::now();
      |   [01;31m[K^~[m[K
      |   [32m[Kt[m[K
make[2]: *** [CMakeFiles/p3p_3d3d.dir/build.make:63：CMakeFiles/p3p_3d3d.dir/src/p3p_3d3d.cpp.o] 错误 1
make[1]: *** [CMakeFiles/Makefile2:165：CMakeFiles/p3p_3d3d.dir/all] 错误 2
make: *** [Makefile:141：all] 错误 2
