Linked: (/home/zyh/p3p-ros/devel/.private/rPose_pkg/include/rPose_pkg/BoundingBox.h, /home/zyh/p3p-ros/devel/include/rPose_pkg/BoundingBox.h)
Linked: (/home/zyh/p3p-ros/devel/.private/rPose_pkg/include/rPose_pkg/BoundingBoxes.h, /home/zyh/p3p-ros/devel/include/rPose_pkg/BoundingBoxes.h)
Linked: (/home/zyh/p3p-ros/devel/.private/rPose_pkg/share/common-lisp/ros/rPose_pkg/msg/BoundingBox.lisp, /home/zyh/p3p-ros/devel/share/common-lisp/ros/rPose_pkg/msg/BoundingBox.lisp)
Linked: (/home/zyh/p3p-ros/devel/.private/rPose_pkg/share/common-lisp/ros/rPose_pkg/msg/BoundingBoxes.lisp, /home/zyh/p3p-ros/devel/share/common-lisp/ros/rPose_pkg/msg/BoundingBoxes.lisp)
Linked: (/home/zyh/p3p-ros/devel/.private/rPose_pkg/share/common-lisp/ros/rPose_pkg/msg/rPose_pkg-msg.asd, /home/zyh/p3p-ros/devel/share/common-lisp/ros/rPose_pkg/msg/rPose_pkg-msg.asd)
Linked: (/home/zyh/p3p-ros/devel/.private/rPose_pkg/share/common-lisp/ros/rPose_pkg/msg/_package_BoundingBoxes.lisp, /home/zyh/p3p-ros/devel/share/common-lisp/ros/rPose_pkg/msg/_package_BoundingBoxes.lisp)
Linked: (/home/zyh/p3p-ros/devel/.private/rPose_pkg/share/common-lisp/ros/rPose_pkg/msg/_package_BoundingBox.lisp, /home/zyh/p3p-ros/devel/share/common-lisp/ros/rPose_pkg/msg/_package_BoundingBox.lisp)
Linked: (/home/zyh/p3p-ros/devel/.private/rPose_pkg/share/common-lisp/ros/rPose_pkg/msg/_package.lisp, /home/zyh/p3p-ros/devel/share/common-lisp/ros/rPose_pkg/msg/_package.lisp)
Linked: (/home/zyh/p3p-ros/devel/.private/rPose_pkg/share/gennodejs/ros/rPose_pkg/_index.js, /home/zyh/p3p-ros/devel/share/gennodejs/ros/rPose_pkg/_index.js)
Linked: (/home/zyh/p3p-ros/devel/.private/rPose_pkg/share/gennodejs/ros/rPose_pkg/msg/BoundingBoxes.js, /home/zyh/p3p-ros/devel/share/gennodejs/ros/rPose_pkg/msg/BoundingBoxes.js)
Linked: (/home/zyh/p3p-ros/devel/.private/rPose_pkg/share/gennodejs/ros/rPose_pkg/msg/_index.js, /home/zyh/p3p-ros/devel/share/gennodejs/ros/rPose_pkg/msg/_index.js)
Linked: (/home/zyh/p3p-ros/devel/.private/rPose_pkg/share/gennodejs/ros/rPose_pkg/msg/BoundingBox.js, /home/zyh/p3p-ros/devel/share/gennodejs/ros/rPose_pkg/msg/BoundingBox.js)
Linked: (/home/zyh/p3p-ros/devel/.private/rPose_pkg/share/rPose_pkg/cmake/rPose_pkg-msg-extras.cmake, /home/zyh/p3p-ros/devel/share/rPose_pkg/cmake/rPose_pkg-msg-extras.cmake)
Linked: (/home/zyh/p3p-ros/devel/.private/rPose_pkg/share/rPose_pkg/cmake/rPose_pkg-msg-paths.cmake, /home/zyh/p3p-ros/devel/share/rPose_pkg/cmake/rPose_pkg-msg-paths.cmake)
Linked: (/home/zyh/p3p-ros/devel/.private/rPose_pkg/share/rPose_pkg/cmake/rPose_pkgConfig.cmake, /home/zyh/p3p-ros/devel/share/rPose_pkg/cmake/rPose_pkgConfig.cmake)
Linked: (/home/zyh/p3p-ros/devel/.private/rPose_pkg/share/rPose_pkg/cmake/rPose_pkgConfig-version.cmake, /home/zyh/p3p-ros/devel/share/rPose_pkg/cmake/rPose_pkgConfig-version.cmake)
Linked: (/home/zyh/p3p-ros/devel/.private/rPose_pkg/share/roseus/ros/rPose_pkg/manifest.l, /home/zyh/p3p-ros/devel/share/roseus/ros/rPose_pkg/manifest.l)
Linked: (/home/zyh/p3p-ros/devel/.private/rPose_pkg/share/roseus/ros/rPose_pkg/msg/BoundingBoxes.l, /home/zyh/p3p-ros/devel/share/roseus/ros/rPose_pkg/msg/BoundingBoxes.l)
Linked: (/home/zyh/p3p-ros/devel/.private/rPose_pkg/share/roseus/ros/rPose_pkg/msg/BoundingBox.l, /home/zyh/p3p-ros/devel/share/roseus/ros/rPose_pkg/msg/BoundingBox.l)
Linked: (/home/zyh/p3p-ros/devel/.private/rPose_pkg/lib/pkgconfig/rPose_pkg.pc, /home/zyh/p3p-ros/devel/lib/pkgconfig/rPose_pkg.pc)
Linked: (/home/zyh/p3p-ros/devel/.private/rPose_pkg/lib/python3/dist-packages/rPose_pkg/__init__.py, /home/zyh/p3p-ros/devel/lib/python3/dist-packages/rPose_pkg/__init__.py)
Linked: (/home/zyh/p3p-ros/devel/.private/rPose_pkg/lib/python3/dist-packages/rPose_pkg/msg/_BoundingBox.py, /home/zyh/p3p-ros/devel/lib/python3/dist-packages/rPose_pkg/msg/_BoundingBox.py)
Linked: (/home/zyh/p3p-ros/devel/.private/rPose_pkg/lib/python3/dist-packages/rPose_pkg/msg/__init__.py, /home/zyh/p3p-ros/devel/lib/python3/dist-packages/rPose_pkg/msg/__init__.py)
Linked: (/home/zyh/p3p-ros/devel/.private/rPose_pkg/lib/python3/dist-packages/rPose_pkg/msg/_BoundingBoxes.py, /home/zyh/p3p-ros/devel/lib/python3/dist-packages/rPose_pkg/msg/_BoundingBoxes.py)
