Symlinking /home/zyh/p3p-ros/devel/include/rPose_pkg/BoundingBox.h
Symlinking /home/zyh/p3p-ros/devel/include/rPose_pkg/BoundingBoxes.h
Symlinking /home/zyh/p3p-ros/devel/share/common-lisp/ros/rPose_pkg/msg/BoundingBox.lisp
Symlinking /home/zyh/p3p-ros/devel/share/common-lisp/ros/rPose_pkg/msg/BoundingBoxes.lisp
Symlinking /home/zyh/p3p-ros/devel/share/common-lisp/ros/rPose_pkg/msg/rPose_pkg-msg.asd
Symlinking /home/zyh/p3p-ros/devel/share/common-lisp/ros/rPose_pkg/msg/_package_BoundingBoxes.lisp
Symlinking /home/zyh/p3p-ros/devel/share/common-lisp/ros/rPose_pkg/msg/_package_BoundingBox.lisp
Symlinking /home/zyh/p3p-ros/devel/share/common-lisp/ros/rPose_pkg/msg/_package.lisp
Symlinking /home/zyh/p3p-ros/devel/share/gennodejs/ros/rPose_pkg/_index.js
Symlinking /home/zyh/p3p-ros/devel/share/gennodejs/ros/rPose_pkg/msg/BoundingBoxes.js
Symlinking /home/zyh/p3p-ros/devel/share/gennodejs/ros/rPose_pkg/msg/_index.js
Symlinking /home/zyh/p3p-ros/devel/share/gennodejs/ros/rPose_pkg/msg/BoundingBox.js
Symlinking /home/zyh/p3p-ros/devel/share/rPose_pkg/cmake/rPose_pkg-msg-extras.cmake
Symlinking /home/zyh/p3p-ros/devel/share/rPose_pkg/cmake/rPose_pkg-msg-paths.cmake
Symlinking /home/zyh/p3p-ros/devel/share/rPose_pkg/cmake/rPose_pkgConfig.cmake
Symlinking /home/zyh/p3p-ros/devel/share/rPose_pkg/cmake/rPose_pkgConfig-version.cmake
Symlinking /home/zyh/p3p-ros/devel/share/roseus/ros/rPose_pkg/manifest.l
Symlinking /home/zyh/p3p-ros/devel/share/roseus/ros/rPose_pkg/msg/BoundingBoxes.l
Symlinking /home/zyh/p3p-ros/devel/share/roseus/ros/rPose_pkg/msg/BoundingBox.l
Symlinking /home/zyh/p3p-ros/devel/lib/pkgconfig/rPose_pkg.pc
Symlinking /home/zyh/p3p-ros/devel/lib/python3/dist-packages/rPose_pkg/__init__.py
Symlinking /home/zyh/p3p-ros/devel/lib/python3/dist-packages/rPose_pkg/msg/_BoundingBox.py
Symlinking /home/zyh/p3p-ros/devel/lib/python3/dist-packages/rPose_pkg/msg/__init__.py
Symlinking /home/zyh/p3p-ros/devel/lib/python3/dist-packages/rPose_pkg/msg/_BoundingBoxes.py
