[35m[1mScanning dependencies of target std_msgs_generate_messages_py[0m
[35m[1mScanning dependencies of target _rPose_pkg_generate_messages_check_deps_BoundingBoxes[0m
[35m[1mScanning dependencies of target std_msgs_generate_messages_eus[0m
[35m[1mScanning dependencies of target std_msgs_generate_messages_cpp[0m
[35m[1mScanning dependencies of target _rPose_pkg_generate_messages_check_deps_BoundingBox[0m
[35m[1mScanning dependencies of target std_msgs_generate_messages_nodejs[0m
[35m[1mScanning dependencies of target std_msgs_generate_messages_lisp[0m
[  0%] Built target std_msgs_generate_messages_py
[  0%] Built target std_msgs_generate_messages_eus
[  0%] Built target std_msgs_generate_messages_cpp
[  0%] Built target std_msgs_generate_messages_lisp
[  0%] Built target std_msgs_generate_messages_nodejs
[  0%] Built target _rPose_pkg_generate_messages_check_deps_BoundingBoxes
[  0%] Built target _rPose_pkg_generate_messages_check_deps_BoundingBox
[35m[1mScanning dependencies of target rPose_pkg_generate_messages_eus[0m
[35m[1mScanning dependencies of target rPose_pkg_generate_messages_lisp[0m
[35m[1mScanning dependencies of target rPose_pkg_generate_messages_py[0m
[35m[1mScanning dependencies of target rPose_pkg_generate_messages_cpp[0m
[  8%] [34m[1mGenerating EusLisp code from rPose_pkg/BoundingBoxes.msg[0m
[ 16%] [34m[1mGenerating EusLisp code from rPose_pkg/BoundingBox.msg[0m
[ 25%] [34m[1mGenerating EusLisp manifest code for rPose_pkg[0m
[ 33%] [34m[1mGenerating Python from MSG rPose_pkg/BoundingBox[0m
[35m[1mScanning dependencies of target rPose_pkg_generate_messages_nodejs[0m
[ 41%] [34m[1mGenerating Lisp code from rPose_pkg/BoundingBox.msg[0m
[ 50%] [34m[1mGenerating C++ code from rPose_pkg/BoundingBox.msg[0m
[ 58%] [34m[1mGenerating Javascript code from rPose_pkg/BoundingBox.msg[0m
[ 66%] [34m[1mGenerating Python from MSG rPose_pkg/BoundingBoxes[0m
[ 75%] [34m[1mGenerating Lisp code from rPose_pkg/BoundingBoxes.msg[0m
[ 83%] [34m[1mGenerating C++ code from rPose_pkg/BoundingBoxes.msg[0m
[ 91%] [34m[1mGenerating Javascript code from rPose_pkg/BoundingBoxes.msg[0m
WARNING: Package name "rPose_pkg" does not follow the naming conventions. It should start with a lower case letter and only contain lower case letters, digits, underscores, and dashes.
WARNING: Package name "rPose_pkg" does not follow the naming conventions. It should start with a lower case letter and only contain lower case letters, digits, underscores, and dashes.
WARNING: Package name "RappidRos" does not follow the naming conventions. It should start with a lower case letter and only contain lower case letters, digits, underscores, and dashes.
[ 91%] Built target rPose_pkg_generate_messages_lisp
[ 91%] Built target rPose_pkg_generate_messages_nodejs
[100%] [34m[1mGenerating Python msg __init__.py for rPose_pkg[0m
[100%] Built target rPose_pkg_generate_messages_cpp
WARNING: Package name "rPose_pkg" does not follow the naming conventions. It should start with a lower case letter and only contain lower case letters, digits, underscores, and dashes.
WARNING: Package name "rPose_pkg" does not follow the naming conventions. It should start with a lower case letter and only contain lower case letters, digits, underscores, and dashes.
WARNING: Package name "RappidRos" does not follow the naming conventions. It should start with a lower case letter and only contain lower case letters, digits, underscores, and dashes.
[100%] Built target rPose_pkg_generate_messages_py
WARNING: Package name "rPose_pkg" does not follow the naming conventions. It should start with a lower case letter and only contain lower case letters, digits, underscores, and dashes.
[100%] Built target rPose_pkg_generate_messages_eus
[35m[1mScanning dependencies of target rPose_pkg_generate_messages[0m
[100%] Built target rPose_pkg_generate_messages
